0ad
2mandvd
FileRunner
PySolFC
R-base
TiMidity++
VMware-Player
VariCAD_2009-en
VariCAD_View_2009-en
abbot-suite
abe
abiword
abrt-gui
accerciser
acetoneiso
acidrip
agave
airstrike
aisleriot
akonadi-kde
akonadiconsole
akregator
alacarte
alienarena
alltray
alsa-tools
alsaplayer
amarok
amor
amsn
amule
animata
anjuta
anki
aoi
apper
aqsis
ardesia
ardour
arista
ark
armagetron
arora
asteroids3D
atanks
aterm
atnt
atomix
audacious
audacity
audex
aumix
auralquiz
auto-multiple-choice
autoscan
avahi-x11
avidemux-gtk
avidemux-qt
avogadro
axel-kapt
backintime-gnome
backintime-kde4
bacula-bat
bacula-console-wx
bacula-gui-brestore
bacula-tray-monitor
bangarang
banshee
basket
beneath-a-steel-sky
bibletime
bkchem
blender
bless
blinken
blobby
bloboats
blogilo
blogtk
bluedevil
bluefish
blueman
bobobot
boinc-manager
bomber
booh
bos
bovo
braindump
brasero
briquolo
brutalchess
bsh-utils
bsh2-console
bug-buddy
bumprace
bwbasic
bzflag
cairo-dock
calibre
calligra-active
calligra-core
calligra-mobile
calligra-words
cantor
caribou
carmetal
catfish
ccsm
cdrdao-gcdmaster
cedega-mandriva
celestia
cellwriter
celtx-ca
celtx-cs
celtx-de
celtx-en-US
celtx-es-ES
celtx-fr
celtx-pt-BR
cervisia
cgoban
chbg
cheese
chessx
childsplay
choqok
chromium
chromium-browser-beta
chromium-browser-stable
chromium-browser-unstable
circuslinux
clamtk
clanbomber
clash
claws-mail
clementine
clipgrab
clustalx
cmake-qtgui
coban
codeblocks
codelite
comix
congruity
cooledit
corsixth
crack-attack
cryptkeeper
csmash
cultivation
cups
d4x
dasher
dconf-editor
ddd
deja-dup
deluge
denemo
desktopcouch-tools
devede
devhelp
dia
digikam
dillo
djl
djview4
dolphin
dosbox
dragonplayer
drakconf
draklive-install
drakx-net
drakx-net-applet
drakxtools-curses
driconf
drumstick-examples
drwright
dsgui
easychem
easyrpmbuilder
easystroke
easytag
eboard
ecasound
eclipse-platform
edb-debugger
edje_viewer
educazionik
edugraphe
eduke32-console
eduke32-gui
eee-control
egoboo
ekiga
elementary
emacs
emerillon
emesene
empathy
enigma
enna
eog
epdfview
epiphany
eterm
etherape
evince
evolution
exaile
exo
expedite
extremetuxracer
f-spot
fbreader-gtk
fbreader-qt4
fcitx
feh
fetchmailconf
ffado
fglrx-control-center
fgrun
file-roller
filelight
filerunner
filezilla
fillets-ng
findbugs
firefox
firefox-beta
flacon
flamerobin
flash-player-plugin
flaw
flight-of-the-amazon-queen
flightgear
florence
flow
fontforge
foobillard
freeciv-client
freeciv-server
freecol
freemind
freetuxtv
frescobaldi
frogr
frozen-bubble
fslint
fusion-icon
fwbackups
fwbuilder
gajim
galculator
gambas3-ide
gaupol
gcalctool
gcin
gcompris
gconf-editor
gcstar
geany
geda-gattrib
geda-gschem
gedit
gemrb
genius
get-skype
gftp
ggz-gtk-client
ghex
giggle
gigolo
gimp
gitg
gkrellm
gksu
gksu-utils
gl-117
glabels
glade
glade3
glchess
glest
glines
globulation2
glom
gluon
gmpc
gmusicbrowser
gnash
gnect
gnibbles
gnobots2
gnochm
gnofract4d
gnokii-xgnokii
gnomad2
gnome-bluetooth
gnome-color-manager
gnome-commander
gnome-contacts
gnome-control-center
gnome-desktop
gnome-do
gnome-documents
gnome-keyring
gnome-mahjongg
gnome-media
gnome-menus
gnome-mplayer
gnome-packagekit
gnome-packagekit-common
gnome-packagekit-extra
gnome-panel
gnome-pilot
gnome-power-manager
gnome-session
gnome-shell
gnome-subtitles
gnome-sudoku
gnome-system-monitor
gnome-terminal
gnome-tweak-tool
gnome-utils
gnomine
gnote
gnotravex
gnotski
gns3
gnucash
gnuitar
gnumeric
gnuplot-nox
gnutu
gobby
gocr
gok
goobox
google-gadgets-gtk
google-gadgets-qt
gourmet
gpaint
gparted
gpick
gpicview
gpodder
gprolog
gpsbabel-gui
gpsd-clients
gqview
grace
gramps
granatier
grass
grdesktop
grip
grisbi
groovy
grsync
gscan2pdf
gsmartcontrol
gtali
gtetrinet
gtg
gthumb
gtk-chtheme
gtk-recordmydesktop
gtkdive
gtkguitune
gtkpod
gtkterm
gtranslator
guake
guayadeque
gucharmap
gurpmi
gv
gwenview
gwibber
handbrake
harddrake-ui
hardinfo
hedgewars
heimdall-frontend
highlight-gui
homebank
hot-babe
hplip-gui
htmldoc
htop
hugin
hydrogen
iagno
ibus
iceape
iceape-irc
iceape-mail
icedtea-web
icegrid-gui
imagemagick-desktop
imagination
indexhtml
inkscape
ioquake3
irrlicht
italc-master
itest-client
itest-server
itext-rups
itext-toolbox
jalopy
java-1.6.0-openjdk
java-1.6.0-openjdk-devel
java-1.6.0-sun
java-1.6.0-sun-devel
jclasslib-scripts
jedit
jext
jflex
jmol
joe
jovie
juk
k3b
k9copy
kaddressbook
kadu
kaffeine
kajongg
kalarm
kalgebra
kalzium
kamoso
kanagram
kapman
kapptemplate
kaption
karbon
kasumi
kate
katomic
kaudiocreator
kbattleship
kblackbox
kblocks
kbounce
kbreakout
kbruch
kcachegrind
kcalc
kcharselect
kchmviewer
kcolorchooser
kdbg
kdebase4-runtime
kdebase4-workspace
kdelibs4-core
kdenlive
kdepasswd
kdepim4-wizards
kdesnake
kdesvn
kdevelop4
kdf
kdiamond
kdiff3
kding
keditbookmarks
keepassx
keepnote
kepas
keurocalc
kexi
kfilebox
kfilereplace
kfind
kflickr
kfloppy
kfourinline
kgeography
kget
kgoldrunner
kgpg
khangman
kiba-dock
kid3
kig
kigo
kile
killbots
kimagemapeditor
kinfocenter
kino
kio-sysinfo
kipi-plugins
kipi-plugins-acquireimages
kipi-plugins-dngconverter
kipi-plugins-expoblending
kipi-plugins-panorama
kipiplugin-photolayouts-editor
kiriki
kiten
kjots
kjumpingcube
klash
klatexformula
kleopatra
klettres
klickety
klines
klinkstatus
kmag
kmahjongg
kmail
kmediafactory
kmess
kmid2
kmines
kmix
kmldonkey
kmousetool
kmouth
kmplayer
kmplot
kmymoney
knemo
knetwalk
knights
knode
knotes
knutclient
kolf
kollision
kolourpaint
kommander
kompare
kompozer
konqueror
konquest
konsole
kontact
konversation
konvertible
kopete
korganizer
korundum
korundum-devel
kpat
kpdftool
kphotoalbum
kppp
kradio
krdc
kremotecontrol
krename
kreversi
krfb
krita
kruler
krusader
kscd
kshisen
kshowmail
kshutdown
ksirk
ksnapshot
kspaceduel
ksquares
ksshaskpass
kst
kstars
ksudoku
ksystemlog
kteatime
kterm
ktimer
ktimetracker
ktorrent
ktouch
ktron
ktuberling
kturtle
kubrick
kuiviewer
kuser
kvirc
kvpnc
kwallet
kwordquiz
kwrite
labyrinth
lash
lastfm-player
latexila
lazarus
lbreakout2
leafpad
lemonpos
lemonpos-squeeze
libbonoboui
libfm
libgda4.0
libgda5.0
libgnomedb4.0
libgnomekbd
libgnomekbd-common
librecad
libreoffice-base
libreoffice-calc
libreoffice-core
libreoffice-draw
libreoffice-impress
libreoffice-javafilter
libreoffice-math
libreoffice-writer
liferea
lightspark
lincity-ng
lingot
links-graphic
links-hacked
linkx
linphone
liquidwar
lives
liveusb-creator
lmms
log4j
lokalize
lottanzb
lskat
ltris
luciole
luckybackup
luminance-hdr
lxappearance
lxcontrol
lxde-common
lxinput
lxrandr
lxsession-edit
lxtask
lxterminal
lyx
mail-notification
manaplus
mandriva-doc-Drakxtools-Guide-en
mandriva-doc-Drakxtools-Guide-fr
mandriva-doc-Drakxtools-Guide-pt_br
mandriva-doc-Introducing-en
mandriva-doc-Introducing-fr
mandriva-doc-Introducing-pt_br
mandriva-doc-Mastering-Manual-en
mandriva-doc-Mastering-Manual-fr
mandriva-kde4-config-common
mandrivamenu
marave
marble
marlin
mas-control-apps
matchbox-keyboard
matchbox-panel
matchbox-panel-manager
maxima-gui
me-tv
mediainfo-gui-qt
mediainfo-gui-wx
medit
megaglest
meld
metacity
midori
minitube
miro
mirrormagic
mixxx
mkvtoolnix
mldonkey-gui
mlterm
mono-tools
monodevelop
moovida
moserial
mountloop
mousepad
mozilla-thunderbird
mp3info
mp3splt-gtk
mplayer-gui
mrxvt
mtink
mtr-gtk
multiplicationstation
mumble
mumble-11x
mures
musescore
mutter
mypaint
mysql-workbench
mythtv-frontend
mythtv-setup
nabi
naev
nautilus
nautilus-dropbox
navit
ncview
nedit
nepomukannotation
netbeans
netpanzer
networkmanager-applet
networkmanager-vpnc
neverball
nexuiz-glx
nexuiz-sdl
nfoview
nmap-frontend
notification-daemon
nvtv
obconf
ocaml
ocrfeeder
octave
okteta
okular
okular-odp
omegat
onestroke
openalchemist
openarena
openbox
openclass
openfetion
opengrade
openmortal
openshot
openttd
opera
oprofile-gui
orage
orca
osmo4
p-uae
palapeli
palimpsest
pan
paprefs
parano
parcellite
parley
parole
pavucontrol
pcmanfm
pcmanx-gtk2
pdfshuffler
pencil-planner
penguin-command
perroquet
pessulus
pgadmin3
php-manual-en
phpmyadmin
picard
picasa
pidgin
pingus
pino
pipepanic
pitivi
pixelize
plan
planner
plasma-applet-activity-manager
plasma-applet-bball
plasma-applet-binaryclock
plasma-applet-blackboard
plasma-applet-bookmarks
plasma-applet-bubblemon
plasma-applet-calculator
plasma-applet-calendar
plasma-applet-charselect
plasma-applet-cwp
plasma-applet-eyes
plasma-applet-fifteenpuzzle
plasma-applet-folderview
plasma-applet-incomingmsg
plasma-applet-kimpanel
plasma-applet-knowledgebase
plasma-applet-konqprofiles
plasma-applet-konsoleprofiles
plasma-applet-kworldclock
plasma-applet-lancelot
plasma-applet-launchbutton
plasma-applet-leavenote
plasma-applet-life
plasma-applet-lionmail
plasma-applet-luna
plasma-applet-magnifique
plasma-applet-mediaplayer
plasma-applet-microblog
plasma-applet-networkmanagement
plasma-applet-news
plasma-applet-nowplaying
plasma-applet-opendesktop
plasma-applet-paste
plasma-applet-pastebin
plasma-applet-previewer
plasma-applet-qalculate
plasma-applet-quickaccess
plasma-applet-quicklaunch
plasma-applet-rsibreak
plasma-applet-rssnow
plasma-applet-rtm
plasma-applet-showdashboard
plasma-applet-showdesktop
plasma-applet-smooth-tasks
plasma-applet-spellcheck
plasma-applet-system-monitor-cpu
plasma-applet-system-monitor-hdd
plasma-applet-system-monitor-hwinfo
plasma-applet-system-monitor-net
plasma-applet-system-monitor-temperature
plasma-applet-systemloadviewer
plasma-applet-timer
plasma-applet-translatoid
plasma-applet-unitconverter
plasma-applet-wacomtablet
plasma-applet-weather
plasma-applet-weatherstation
plasma-applet-webbrowser
plasma-applet-webslice
plasma-applet-xbar
plasma-applet-yawp
playonlinux
poedit
pokerth
powermanga
prboom
prboom-gl
projectx
psi
puddletag
putty
pypar2
python-coherence-applet
python-docs
python-whiteboard
python3-docs
qalculate-gtk
qasmixer
qbittorrent
qcomicbook
qdigidoc
qelectrotech
qesteidutil
qgis
qjackctl
qjoypad
qpxtool
qsynth
qt-creator
qt-recordmydesktop
qt4-assistant
qt4-designer
qt4-linguist
qt4urpm
qtads
qtiplot
qtoctave
qtractor
quadrapassel
quake2
quake2-ctf
quake2-rogue
quake2-xatrix
quassel
quassel-client
qutecom
radiotray
rakarrack
rapid-photo-downloader
rapidsvn
rasmol
recoll
redshift-gtk
referencer
regexxer
rekonq
remmina
rhythmbox
ri-li
ristretto
rkward
rocksndiamonds
rocs
rosegarden
rp-pppoe-gui
rpmdrake
rsibreak
rubyripper-gtk
rxvt-unicode
rygel
sabayon-admin
salasaga
samba-swat
sane-frontends
scidavis
scilab
scim-common
scite
scourge
scribus
scummvm
seahorse
sectool-gui
semantik
shotwell
showfoto
shutter
sigil
simple-scan
skanlite
skobo
skrooge
skychart
slune
smb4k
smc
smplayer
sonata
songwrite2
sound-juicer
soundconverter
soundkonverter
sparkleshare
specto
spring
sqljet-browser
squeeze
stage
stardict
stardict-tools
starfighter
stellarium
step
stepmania
stopmotion
subtitlecomposer
sugar-emulator
superkaramba
supertux
supertuxkart
svlc
sweeper
sweethome3d
sylpheed
synaptiks
synergy-gui
synfigstudio
synkron
system-config-printer
t-lasku
tables
tagtool
taskcoach
teeworlds
teg
tegaki-recognize
telepathy-contact-list
telepathy-kde-send-file
telepathy-presence-applet
tellico
terminal
terminator
texmaker
texmakerx
textroom
thunar
thunar-volman
tigervnc
tilitin
tkcvs
tkinter-apps
tkinter3-apps
tomahawk-player
tomboy
toppler
tora
torcs
tortoisehg
totem
trackballs
tracker
tracker-preferences
transmission-gtk
transmission-qt4
tremulous
trigger-rally
trophy
trustedqsl
tuxguitar
tuxkart
tuxmath
tuxmathscrabble
tuxpaint
tuxpaint-config
tuxpuck
tuxtype
tuxwordsmith
tvkaistagui
tvtime
typespeed
ufraw
uim
ultracopier
ultrastardx
umbrello
unetbootin
unison
unknown-horizons
upnp-inspector
urtconnector
urtsb
userdrake
v4l-utils-qt4
vegastrike
verbiste-gtk
vidalia
viking
vim-X11
vinagre
vino
virt-manager
virtualbox
vlc
vuze
vym
wammu
warmux
warzone2100
wavbreaker
webmin
weboob
wesnoth
wicd
widelands
wine
wine64
wings3d
wireshark
wmakerconf
wordnet
worker
workrave
wxPython-tools
wxmaxima
x11-driver-video-nvidia-current
x11-driver-video-nvidia173
x11-driver-video-nvidia96xx
x2goclient
x3270
xaos
xarchiver
xbill
xbmc
xboard
xcave
xchat
xchat-gnome
xchm
xcpustate
xdvik
xemacs
xfbib
xfburn
xfce-utils
xfce4-appfinder
xfce4-clipman-plugin
xfce4-mixer
xfce4-notifyd
xfce4-panel
xfce4-power-manager
xfce4-screenshooter
xfce4-session
xfce4-settings
xfce4-taskmanager
xfdesktop
xfig
xfprint
xfwm4
xine-ui
xinput_calibrator
xkill
xlockmore
xlogical
xmorph
xmoto
xournal
xpdf
xpenguins
xpilot
xpp
xsane
xscreensaver
xskat
xsoldier
xstroke
xsysinfo
xterm
xv
xvkbd
xwpick
yadex
yakuake
yal
yelp
yofrankie-bge
yoshimi
z42tool
zanshin
zfo-editor
zim
zint-qt
zsnes
zygrib
